<?xml version="1.0" encoding="UTF-8"?>
<!-- Generated by org.testng.reporters.JUnitReportReporter -->
<testsuite hostname="in04652" failures="1" tests="1" name="com.salmon.test.RunWebSmokeMobileSuite_oms" time="1439.688" errors="0" timestamp="2022-09-19T15:32:30 IST" skipped="0">
  <testcase classname="com.salmon.test.RunWebSmokeMobileSuite_oms" name="runScenario" time="1439.688">
    <failure message="expected:&lt;true&gt; but was:&lt;false&gt;" type="java.lang.AssertionError">
      <![CDATA[java.lang.AssertionError: expected:<true> but was:<false>
at org.junit.Assert.fail(Assert.java:89)
at org.junit.Assert.failNotEquals(Assert.java:835)
at org.junit.Assert.assertEquals(Assert.java:120)
at org.junit.Assert.assertEquals(Assert.java:146)
at com.salmon.test.step_definitions.gui.then.PurchasesThenStepDefs.refundHistorySectionExits(PurchasesThenStepDefs.java:189)
at âœ½.refund history "true" section exits(file:///D:/OMSPROJECT/NLK374/test/NEWLOOK_SAF/src/test/resources/features/mobile/ReturnsAndRefundsTestsMobile.feature:142)
]]>
    </failure>
  </testcase> <!-- runScenario -->
  <system-out/>
</testsuite> <!-- com.salmon.test.RunWebSmokeMobileSuite_oms -->
